<?xml version="1.0" encoding="UTF-8"?>
<coverage generated="1744667685919" clover="3.2.0">
  <project timestamp="1744667685919" name="All files">
    <metrics statements="122" coveredstatements="72" conditionals="19" coveredconditionals="8" methods="13" coveredmethods="6" elements="154" coveredelements="86" complexity="0" loc="122" ncloc="122" packages="5" files="6" classes="6"/>
    <package name="bin.stack.appconfig">
      <metrics statements="22" coveredstatements="7" conditionals="4" coveredconditionals="0" methods="1" coveredmethods="0"/>
      <file name="appconfig-stack.ts" path="/Users/user/projects/sagemaker-deployment-construct/bin/stack/appconfig/appconfig-stack.ts">
        <metrics statements="22" coveredstatements="7" conditionals="4" coveredconditionals="0" methods="1" coveredmethods="0"/>
        <line num="1" count="1" type="stmt"/>
        <line num="2" count="1" type="stmt"/>
        <line num="5" count="1" type="stmt"/>
        <line num="6" count="1" type="stmt"/>
        <line num="7" count="1" type="stmt"/>
        <line num="9" count="1" type="stmt"/>
        <line num="29" count="1" type="stmt"/>
        <line num="38" count="0" type="stmt"/>
        <line num="41" count="0" type="stmt"/>
        <line num="47" count="0" type="stmt"/>
        <line num="54" count="0" type="stmt"/>
        <line num="63" count="0" type="stmt"/>
        <line num="107" count="0" type="stmt"/>
        <line num="116" count="0" type="stmt"/>
        <line num="130" count="0" type="stmt"/>
        <line num="131" count="0" type="stmt"/>
        <line num="134" count="0" type="stmt"/>
        <line num="148" count="0" type="stmt"/>
        <line num="155" count="0" type="stmt"/>
        <line num="160" count="0" type="stmt"/>
        <line num="165" count="0" type="stmt"/>
        <line num="170" count="0" type="stmt"/>
      </file>
    </package>
    <package name="bin.stack.base">
      <metrics statements="16" coveredstatements="16" conditionals="0" coveredconditionals="0" methods="1" coveredmethods="1"/>
      <file name="sagemaker-base-infra-stack.ts" path="/Users/user/projects/sagemaker-deployment-construct/bin/stack/base/sagemaker-base-infra-stack.ts">
        <metrics statements="16" coveredstatements="16" conditionals="0" coveredconditionals="0" methods="1" coveredmethods="1"/>
        <line num="1" count="2" type="stmt"/>
        <line num="2" count="2" type="stmt"/>
        <line num="3" count="2" type="stmt"/>
        <line num="4" count="2" type="stmt"/>
        <line num="5" count="2" type="stmt"/>
        <line num="14" count="2" type="stmt"/>
        <line num="21" count="5" type="stmt"/>
        <line num="24" count="5" type="stmt"/>
        <line num="31" count="5" type="stmt"/>
        <line num="41" count="4" type="stmt"/>
        <line num="51" count="4" type="stmt"/>
        <line num="60" count="4" type="stmt"/>
        <line num="75" count="4" type="stmt"/>
        <line num="85" count="4" type="stmt"/>
        <line num="91" count="4" type="stmt"/>
        <line num="97" count="4" type="stmt"/>
      </file>
    </package>
    <package name="bin.stack.sagemaker">
      <metrics statements="42" coveredstatements="28" conditionals="6" coveredconditionals="3" methods="4" coveredmethods="2"/>
      <file name="sagemaker-async-endpoint-stack.ts" path="/Users/user/projects/sagemaker-deployment-construct/bin/stack/sagemaker/sagemaker-async-endpoint-stack.ts">
        <metrics statements="25" coveredstatements="23" conditionals="6" coveredconditionals="3" methods="2" coveredmethods="2"/>
        <line num="6" count="2" type="stmt"/>
        <line num="7" count="2" type="stmt"/>
        <line num="8" count="2" type="stmt"/>
        <line num="11" count="2" type="stmt"/>
        <line num="12" count="2" type="stmt"/>
        <line num="39" count="2" type="stmt"/>
        <line num="45" count="5" type="stmt"/>
        <line num="48" count="5" type="stmt"/>
        <line num="54" count="5" type="stmt"/>
        <line num="63" count="5" type="stmt"/>
        <line num="69" count="5" type="stmt"/>
        <line num="71" count="5" type="stmt"/>
        <line num="82" count="5" type="cond" truecount="0" falsecount="1"/>
        <line num="83" count="0" type="stmt"/>
        <line num="86" count="5" type="cond" truecount="1" falsecount="0"/>
        <line num="87" count="5" type="stmt"/>
        <line num="92" count="5" type="cond" truecount="1" falsecount="0"/>
        <line num="93" count="5" type="stmt"/>
        <line num="100" count="5" type="cond" truecount="0" falsecount="1"/>
        <line num="101" count="0" type="stmt"/>
        <line num="105" count="5" type="stmt"/>
        <line num="111" count="5" type="stmt"/>
        <line num="137" count="5" type="stmt"/>
        <line num="142" count="5" type="stmt"/>
        <line num="147" count="5" type="stmt"/>
      </file>
      <file name="sagemaker-model-stack.ts" path="/Users/user/projects/sagemaker-deployment-construct/bin/stack/sagemaker/sagemaker-model-stack.ts">
        <metrics statements="17" coveredstatements="5" conditionals="0" coveredconditionals="0" methods="2" coveredmethods="0"/>
        <line num="1" count="1" type="stmt"/>
        <line num="2" count="1" type="stmt"/>
        <line num="4" count="1" type="stmt"/>
        <line num="6" count="1" type="stmt"/>
        <line num="22" count="1" type="stmt"/>
        <line num="27" count="0" type="stmt"/>
        <line num="29" count="0" type="stmt"/>
        <line num="32" count="0" type="stmt"/>
        <line num="38" count="0" type="stmt"/>
        <line num="47" count="0" type="stmt"/>
        <line num="62" count="0" type="stmt"/>
        <line num="65" count="0" type="stmt"/>
        <line num="66" count="0" type="stmt"/>
        <line num="90" count="0" type="stmt"/>
        <line num="94" count="0" type="stmt"/>
        <line num="100" count="0" type="stmt"/>
        <line num="101" count="0" type="stmt"/>
      </file>
    </package>
    <package name="lib.base">
      <metrics statements="16" coveredstatements="8" conditionals="0" coveredconditionals="0" methods="4" coveredmethods="1"/>
      <file name="base-stack.ts" path="/Users/user/projects/sagemaker-deployment-construct/lib/base/base-stack.ts">
        <metrics statements="16" coveredstatements="8" conditionals="0" coveredconditionals="0" methods="4" coveredmethods="1"/>
        <line num="19" count="3" type="stmt"/>
        <line num="20" count="3" type="stmt"/>
        <line num="21" count="3" type="stmt"/>
        <line num="29" count="3" type="stmt"/>
        <line num="35" count="10" type="stmt"/>
        <line num="37" count="10" type="stmt"/>
        <line num="38" count="10" type="stmt"/>
        <line num="39" count="10" type="stmt"/>
        <line num="43" count="0" type="stmt"/>
        <line num="44" count="0" type="stmt"/>
        <line num="46" count="0" type="stmt"/>
        <line num="53" count="0" type="stmt"/>
        <line num="58" count="0" type="stmt"/>
        <line num="60" count="0" type="stmt"/>
        <line num="70" count="0" type="stmt"/>
        <line num="72" count="0" type="stmt"/>
      </file>
    </package>
    <package name="lib.utils">
      <metrics statements="26" coveredstatements="13" conditionals="9" coveredconditionals="5" methods="3" coveredmethods="2"/>
      <file name="config-utils.ts" path="/Users/user/projects/sagemaker-deployment-construct/lib/utils/config-utils.ts">
        <metrics statements="26" coveredstatements="13" conditionals="9" coveredconditionals="5" methods="3" coveredmethods="2"/>
        <line num="6" count="1" type="stmt"/>
        <line num="7" count="1" type="stmt"/>
        <line num="9" count="1" type="stmt"/>
        <line num="10" count="1" type="stmt"/>
        <line num="11" count="1" type="stmt"/>
        <line num="43" count="1" type="stmt"/>
        <line num="48" count="2" type="stmt"/>
        <line num="108" count="1" type="stmt"/>
        <line num="114" count="1" type="stmt"/>
        <line num="121" count="1" type="stmt"/>
        <line num="130" count="1" type="stmt"/>
        <line num="145" count="1" type="cond" truecount="0" falsecount="1"/>
        <line num="147" count="0" type="stmt"/>
        <line num="156" count="0" type="stmt"/>
        <line num="170" count="0" type="stmt"/>
        <line num="173" count="0" type="stmt"/>
        <line num="189" count="0" type="stmt"/>
        <line num="206" count="0" type="stmt"/>
        <line num="233" count="0" type="stmt"/>
        <line num="234" count="0" type="stmt"/>
        <line num="235" count="0" type="stmt"/>
        <line num="236" count="0" type="stmt"/>
        <line num="239" count="1" type="stmt"/>
        <line num="264" count="0" type="cond" truecount="0" falsecount="2"/>
        <line num="269" count="0" type="stmt"/>
        <line num="280" count="0" type="stmt"/>
      </file>
    </package>
  </project>
</coverage>
