{"/Users/user/projects/sagemaker-deployment-construct/bin/stack/appconfig/appconfig-stack.ts": {"path":"/Users/user/projects/sagemaker-deployment-construct/bin/stack/appconfig/appconfig-stack.ts","statementMap":{"0":{"start":{"line":1,"column":0},"end":{"line":1,"column":35}},"1":{"start":{"line":2,"column":0},"end":{"line":2,"column":55}},"2":{"start":{"line":5,"column":0},"end":{"line":5,"column":43}},"3":{"start":{"line":6,"column":0},"end":{"line":6,"column":49}},"4":{"start":{"line":7,"column":0},"end":{"line":7,"column":45}},"5":{"start":{"line":9,"column":0},"end":{"line":9,"column":75}},"6":{"start":{"line":38,"column":4},"end":{"line":38,"column":55}},"7":{"start":{"line":41,"column":4},"end":{"line":44,"column":7}},"8":{"start":{"line":47,"column":4},"end":{"line":51,"column":7}},"9":{"start":{"line":54,"column":4},"end":{"line":60,"column":7}},"10":{"start":{"line":63,"column":4},"end":{"line":104,"column":7}},"11":{"start":{"line":107,"column":4},"end":{"line":113,"column":7}},"12":{"start":{"line":116,"column":4},"end":{"line":127,"column":8}},"13":{"start":{"line":130,"column":4},"end":{"line":130,"column":61}},"14":{"start":{"line":131,"column":4},"end":{"line":131,"column":67}},"15":{"start":{"line":134,"column":4},"end":{"line":145,"column":7}},"16":{"start":{"line":148,"column":4},"end":{"line":152,"column":7}},"17":{"start":{"line":155,"column":4},"end":{"line":158,"column":7}},"18":{"start":{"line":160,"column":4},"end":{"line":163,"column":7}},"19":{"start":{"line":165,"column":4},"end":{"line":168,"column":7}},"20":{"start":{"line":170,"column":4},"end":{"line":173,"column":7}},"21":{"start":{"line":29,"column":0},"end":{"line":29,"column":13}}},"fnMap":{"0":{"name":"(anonymous_0)","decl":{"start":{"line":37,"column":2},"end":{"line":37,"column":14}},"loc":{"start":{"line":37,"column":89},"end":{"line":174,"column":3}}}},"branchMap":{"0":{"loc":{"start":{"line":56,"column":35},"end":{"line":56,"column":80}},"type":"binary-expr","locations":[{"start":{"line":56,"column":35},"end":{"line":56,"column":74}},{"start":{"line":56,"column":78},"end":{"line":56,"column":80}}]},"1":{"loc":{"start":{"line":57,"column":20},"end":{"line":57,"column":50}},"type":"binary-expr","locations":[{"start":{"line":57,"column":20},"end":{"line":57,"column":44}},{"start":{"line":57,"column":48},"end":{"line":57,"column":50}}]}},"s":{"0":1,"1":1,"2":1,"3":1,"4":1,"5":1,"6":0,"7":0,"8":0,"9":0,"10":0,"11":0,"12":0,"13":0,"14":0,"15":0,"16":0,"17":0,"18":0,"19":0,"20":0,"21":1},"f":{"0":0},"b":{"0":[0,0],"1":[0,0]}}
,"/Users/user/projects/sagemaker-deployment-construct/bin/stack/base/sagemaker-base-infra-stack.ts": {"path":"/Users/user/projects/sagemaker-deployment-construct/bin/stack/base/sagemaker-base-infra-stack.ts","statementMap":{"0":{"start":{"line":1,"column":0},"end":{"line":1,"column":35}},"1":{"start":{"line":2,"column":0},"end":{"line":2,"column":41}},"2":{"start":{"line":3,"column":0},"end":{"line":3,"column":43}},"3":{"start":{"line":4,"column":0},"end":{"line":4,"column":43}},"4":{"start":{"line":5,"column":0},"end":{"line":5,"column":75}},"5":{"start":{"line":21,"column":4},"end":{"line":21,"column":55}},"6":{"start":{"line":24,"column":4},"end":{"line":28,"column":7}},"7":{"start":{"line":31,"column":4},"end":{"line":38,"column":7}},"8":{"start":{"line":41,"column":4},"end":{"line":48,"column":7}},"9":{"start":{"line":51,"column":4},"end":{"line":57,"column":7}},"10":{"start":{"line":60,"column":4},"end":{"line":73,"column":8}},"11":{"start":{"line":75,"column":4},"end":{"line":82,"column":8}},"12":{"start":{"line":85,"column":4},"end":{"line":89,"column":7}},"13":{"start":{"line":91,"column":4},"end":{"line":95,"column":7}},"14":{"start":{"line":97,"column":4},"end":{"line":101,"column":7}},"15":{"start":{"line":14,"column":0},"end":{"line":14,"column":13}}},"fnMap":{"0":{"name":"(anonymous_0)","decl":{"start":{"line":20,"column":2},"end":{"line":20,"column":14}},"loc":{"start":{"line":20,"column":98},"end":{"line":102,"column":3}}}},"branchMap":{},"s":{"0":2,"1":2,"2":2,"3":2,"4":2,"5":5,"6":5,"7":5,"8":4,"9":4,"10":4,"11":4,"12":4,"13":4,"14":4,"15":2},"f":{"0":5},"b":{}}
,"/Users/user/projects/sagemaker-deployment-construct/bin/stack/sagemaker/sagemaker-async-endpoint-stack.ts": {"path":"/Users/user/projects/sagemaker-deployment-construct/bin/stack/sagemaker/sagemaker-async-endpoint-stack.ts","statementMap":{"0":{"start":{"line":6,"column":0},"end":{"line":6,"column":35}},"1":{"start":{"line":7,"column":0},"end":{"line":7,"column":55}},"2":{"start":{"line":8,"column":0},"end":{"line":8,"column":43}},"3":{"start":{"line":11,"column":0},"end":{"line":11,"column":43}},"4":{"start":{"line":12,"column":0},"end":{"line":12,"column":75}},"5":{"start":{"line":45,"column":4},"end":{"line":45,"column":55}},"6":{"start":{"line":48,"column":4},"end":{"line":51,"column":7}},"7":{"start":{"line":54,"column":21},"end":{"line":60,"column":7}},"8":{"start":{"line":54,"column":63},"end":{"line":60,"column":6}},"9":{"start":{"line":63,"column":4},"end":{"line":66,"column":7}},"10":{"start":{"line":69,"column":30},"end":{"line":69,"column":98}},"11":{"start":{"line":71,"column":38},"end":{"line":79,"column":6}},"12":{"start":{"line":82,"column":4},"end":{"line":84,"column":5}},"13":{"start":{"line":83,"column":6},"end":{"line":83,"column":90}},"14":{"start":{"line":86,"column":4},"end":{"line":90,"column":5}},"15":{"start":{"line":87,"column":6},"end":{"line":89,"column":8}},"16":{"start":{"line":92,"column":4},"end":{"line":97,"column":5}},"17":{"start":{"line":93,"column":6},"end":{"line":96,"column":8}},"18":{"start":{"line":100,"column":4},"end":{"line":102,"column":5}},"19":{"start":{"line":101,"column":6},"end":{"line":101,"column":90}},"20":{"start":{"line":105,"column":4},"end":{"line":108,"column":7}},"21":{"start":{"line":111,"column":30},"end":{"line":134,"column":6}},"22":{"start":{"line":137,"column":4},"end":{"line":140,"column":7}},"23":{"start":{"line":142,"column":4},"end":{"line":145,"column":7}},"24":{"start":{"line":147,"column":4},"end":{"line":150,"column":7}},"25":{"start":{"line":39,"column":0},"end":{"line":39,"column":13}}},"fnMap":{"0":{"name":"(anonymous_0)","decl":{"start":{"line":44,"column":2},"end":{"line":44,"column":14}},"loc":{"start":{"line":44,"column":102},"end":{"line":151,"column":3}}},"1":{"name":"(anonymous_1)","decl":{"start":{"line":54,"column":52},"end":{"line":54,"column":58}},"loc":{"start":{"line":54,"column":63},"end":{"line":60,"column":6}}}},"branchMap":{"0":{"loc":{"start":{"line":82,"column":4},"end":{"line":84,"column":5}},"type":"if","locations":[{"start":{"line":82,"column":4},"end":{"line":84,"column":5}}]},"1":{"loc":{"start":{"line":86,"column":4},"end":{"line":90,"column":5}},"type":"if","locations":[{"start":{"line":86,"column":4},"end":{"line":90,"column":5}}]},"2":{"loc":{"start":{"line":92,"column":4},"end":{"line":97,"column":5}},"type":"if","locations":[{"start":{"line":92,"column":4},"end":{"line":97,"column":5}}]},"3":{"loc":{"start":{"line":94,"column":12},"end":{"line":94,"column":51}},"type":"binary-expr","locations":[{"start":{"line":94,"column":12},"end":{"line":94,"column":45}},{"start":{"line":94,"column":49},"end":{"line":94,"column":51}}]},"4":{"loc":{"start":{"line":100,"column":4},"end":{"line":102,"column":5}},"type":"if","locations":[{"start":{"line":100,"column":4},"end":{"line":102,"column":5}}]}},"s":{"0":2,"1":2,"2":2,"3":2,"4":2,"5":5,"6":5,"7":5,"8":5,"9":5,"10":5,"11":5,"12":5,"13":0,"14":5,"15":5,"16":5,"17":5,"18":5,"19":0,"20":5,"21":5,"22":5,"23":5,"24":5,"25":2},"f":{"0":5,"1":5},"b":{"0":[0],"1":[5],"2":[5],"3":[5,0],"4":[0]}}
,"/Users/user/projects/sagemaker-deployment-construct/bin/stack/sagemaker/sagemaker-model-stack.ts": {"path":"/Users/user/projects/sagemaker-deployment-construct/bin/stack/sagemaker/sagemaker-model-stack.ts","statementMap":{"0":{"start":{"line":1,"column":0},"end":{"line":1,"column":35}},"1":{"start":{"line":2,"column":0},"end":{"line":2,"column":55}},"2":{"start":{"line":4,"column":0},"end":{"line":4,"column":43}},"3":{"start":{"line":6,"column":0},"end":{"line":6,"column":75}},"4":{"start":{"line":27,"column":4},"end":{"line":27,"column":60}},"5":{"start":{"line":29,"column":4},"end":{"line":29,"column":28}},"6":{"start":{"line":32,"column":4},"end":{"line":35,"column":7}},"7":{"start":{"line":38,"column":4},"end":{"line":44,"column":8}},"8":{"start":{"line":47,"column":4},"end":{"line":59,"column":8}},"9":{"start":{"line":62,"column":4},"end":{"line":62,"column":63}},"10":{"start":{"line":65,"column":4},"end":{"line":91,"column":5}},"11":{"start":{"line":66,"column":20},"end":{"line":88,"column":8}},"12":{"start":{"line":90,"column":6},"end":{"line":90,"column":52}},"13":{"start":{"line":94,"column":4},"end":{"line":97,"column":7}},"14":{"start":{"line":100,"column":4},"end":{"line":105,"column":7}},"15":{"start":{"line":101,"column":6},"end":{"line":104,"column":9}},"16":{"start":{"line":22,"column":0},"end":{"line":22,"column":13}}},"fnMap":{"0":{"name":"(anonymous_0)","decl":{"start":{"line":26,"column":2},"end":{"line":26,"column":14}},"loc":{"start":{"line":26,"column":94},"end":{"line":106,"column":3}}},"1":{"name":"(anonymous_1)","decl":{"start":{"line":100,"column":24},"end":{"line":100,"column":25}},"loc":{"start":{"line":100,"column":40},"end":{"line":105,"column":5}}}},"branchMap":{},"s":{"0":1,"1":1,"2":1,"3":1,"4":0,"5":0,"6":0,"7":0,"8":0,"9":0,"10":0,"11":0,"12":0,"13":0,"14":0,"15":0,"16":1},"f":{"0":0,"1":0},"b":{}}
,"/Users/user/projects/sagemaker-deployment-construct/lib/base/base-stack.ts": {"path":"/Users/user/projects/sagemaker-deployment-construct/lib/base/base-stack.ts","statementMap":{"0":{"start":{"line":19,"column":0},"end":{"line":19,"column":35}},"1":{"start":{"line":20,"column":0},"end":{"line":20,"column":40}},"2":{"start":{"line":21,"column":0},"end":{"line":21,"column":42}},"3":{"start":{"line":35,"column":8},"end":{"line":35,"column":38}},"4":{"start":{"line":37,"column":8},"end":{"line":37,"column":55}},"5":{"start":{"line":38,"column":8},"end":{"line":38,"column":39}},"6":{"start":{"line":39,"column":8},"end":{"line":39,"column":39}},"7":{"start":{"line":43,"column":31},"end":{"line":43,"column":111}},"8":{"start":{"line":44,"column":26},"end":{"line":44,"column":46}},"9":{"start":{"line":46,"column":25},"end":{"line":51,"column":10}},"10":{"start":{"line":53,"column":8},"end":{"line":53,"column":24}},"11":{"start":{"line":58,"column":35},"end":{"line":58,"column":70}},"12":{"start":{"line":60,"column":8},"end":{"line":66,"column":11}},"13":{"start":{"line":70,"column":35},"end":{"line":70,"column":70}},"14":{"start":{"line":72,"column":8},"end":{"line":75,"column":10}},"15":{"start":{"line":29,"column":0},"end":{"line":29,"column":13}}},"fnMap":{"0":{"name":"(anonymous_0)","decl":{"start":{"line":34,"column":4},"end":{"line":34,"column":16}},"loc":{"start":{"line":34,"column":93},"end":{"line":40,"column":5}}},"1":{"name":"(anonymous_1)","decl":{"start":{"line":42,"column":14},"end":{"line":42,"column":28}},"loc":{"start":{"line":42,"column":45},"end":{"line":54,"column":5}}},"2":{"name":"(anonymous_2)","decl":{"start":{"line":57,"column":14},"end":{"line":57,"column":26}},"loc":{"start":{"line":57,"column":63},"end":{"line":67,"column":5}}},"3":{"name":"(anonymous_3)","decl":{"start":{"line":69,"column":14},"end":{"line":69,"column":26}},"loc":{"start":{"line":69,"column":43},"end":{"line":76,"column":5}}}},"branchMap":{},"s":{"0":3,"1":3,"2":3,"3":10,"4":10,"5":10,"6":10,"7":0,"8":0,"9":0,"10":0,"11":0,"12":0,"13":0,"14":0,"15":3},"f":{"0":10,"1":0,"2":0,"3":0},"b":{}}
,"/Users/user/projects/sagemaker-deployment-construct/lib/utils/config-utils.ts": {"path":"/Users/user/projects/sagemaker-deployment-construct/lib/utils/config-utils.ts","statementMap":{"0":{"start":{"line":6,"column":0},"end":{"line":6,"column":35}},"1":{"start":{"line":7,"column":0},"end":{"line":7,"column":55}},"2":{"start":{"line":9,"column":0},"end":{"line":9,"column":49}},"3":{"start":{"line":10,"column":0},"end":{"line":10,"column":51}},"4":{"start":{"line":11,"column":0},"end":{"line":11,"column":43}},"5":{"start":{"line":48,"column":4},"end":{"line":80,"column":7}},"6":{"start":{"line":108,"column":24},"end":{"line":111,"column":6}},"7":{"start":{"line":114,"column":24},"end":{"line":118,"column":6}},"8":{"start":{"line":121,"column":31},"end":{"line":127,"column":6}},"9":{"start":{"line":130,"column":26},"end":{"line":140,"column":6}},"10":{"start":{"line":145,"column":4},"end":{"line":237,"column":5}},"11":{"start":{"line":147,"column":25},"end":{"line":153,"column":8}},"12":{"start":{"line":156,"column":6},"end":{"line":167,"column":10}},"13":{"start":{"line":170,"column":6},"end":{"line":170,"column":54}},"14":{"start":{"line":173,"column":6},"end":{"line":186,"column":9}},"15":{"start":{"line":189,"column":36},"end":{"line":203,"column":8}},"16":{"start":{"line":206,"column":40},"end":{"line":230,"column":8}},"17":{"start":{"line":233,"column":6},"end":{"line":233,"column":64}},"18":{"start":{"line":234,"column":6},"end":{"line":234,"column":64}},"19":{"start":{"line":235,"column":6},"end":{"line":235,"column":66}},"20":{"start":{"line":236,"column":6},"end":{"line":236,"column":71}},"21":{"start":{"line":239,"column":4},"end":{"line":245,"column":6}},"22":{"start":{"line":264,"column":21},"end":{"line":266,"column":6}},"23":{"start":{"line":269,"column":30},"end":{"line":278,"column":6}},"24":{"start":{"line":280,"column":4},"end":{"line":280,"column":60}},"25":{"start":{"line":43,"column":0},"end":{"line":43,"column":13}}},"fnMap":{"0":{"name":"(anonymous_0)","decl":{"start":{"line":47,"column":9},"end":{"line":47,"column":15}},"loc":{"start":{"line":47,"column":43},"end":{"line":81,"column":3}}},"1":{"name":"(anonymous_1)","decl":{"start":{"line":86,"column":9},"end":{"line":86,"column":15}},"loc":{"start":{"line":98,"column":5},"end":{"line":246,"column":3}}},"2":{"name":"(anonymous_2)","decl":{"start":{"line":251,"column":9},"end":{"line":251,"column":15}},"loc":{"start":{"line":261,"column":5},"end":{"line":281,"column":3}}}},"branchMap":{"0":{"loc":{"start":{"line":122,"column":32},"end":{"line":122,"column":84}},"type":"binary-expr","locations":[{"start":{"line":122,"column":32},"end":{"line":122,"column":62}},{"start":{"line":122,"column":66},"end":{"line":122,"column":84}}]},"1":{"loc":{"start":{"line":123,"column":35},"end":{"line":123,"column":76}},"type":"binary-expr","locations":[{"start":{"line":123,"column":35},"end":{"line":123,"column":70}},{"start":{"line":123,"column":74},"end":{"line":123,"column":76}}]},"2":{"loc":{"start":{"line":124,"column":20},"end":{"line":124,"column":46}},"type":"binary-expr","locations":[{"start":{"line":124,"column":20},"end":{"line":124,"column":40}},{"start":{"line":124,"column":44},"end":{"line":124,"column":46}}]},"3":{"loc":{"start":{"line":145,"column":4},"end":{"line":237,"column":5}},"type":"if","locations":[{"start":{"line":145,"column":4},"end":{"line":237,"column":5}}]},"4":{"loc":{"start":{"line":264,"column":21},"end":{"line":266,"column":6}},"type":"binary-expr","locations":[{"start":{"line":264,"column":21},"end":{"line":264,"column":37}},{"start":{"line":264,"column":41},"end":{"line":266,"column":6}}]}},"s":{"0":1,"1":1,"2":1,"3":1,"4":1,"5":2,"6":1,"7":1,"8":1,"9":1,"10":1,"11":0,"12":0,"13":0,"14":0,"15":0,"16":0,"17":0,"18":0,"19":0,"20":0,"21":1,"22":0,"23":0,"24":0,"25":1},"f":{"0":2,"1":1,"2":0},"b":{"0":[1,0],"1":[1,1],"2":[1,1],"3":[0],"4":[0,0]}}
}
