TN:
SF:bin/stack/appconfig/appconfig-stack.ts
FN:37,(anonymous_0)
FNF:1
FNH:0
FNDA:0,(anonymous_0)
DA:1,1
DA:2,1
DA:5,1
DA:6,1
DA:7,1
DA:9,1
DA:29,1
DA:38,0
DA:41,0
DA:47,0
DA:54,0
DA:63,0
DA:107,0
DA:116,0
DA:130,0
DA:131,0
DA:134,0
DA:148,0
DA:155,0
DA:160,0
DA:165,0
DA:170,0
LF:22
LH:7
BRDA:56,0,0,0
BRDA:56,0,1,0
BRDA:57,1,0,0
BRDA:57,1,1,0
BRF:4
BRH:0
end_of_record
TN:
SF:bin/stack/base/sagemaker-base-infra-stack.ts
FN:20,(anonymous_0)
FNF:1
FNH:1
FNDA:5,(anonymous_0)
DA:1,2
DA:2,2
DA:3,2
DA:4,2
DA:5,2
DA:14,2
DA:21,5
DA:24,5
DA:31,5
DA:41,4
DA:51,4
DA:60,4
DA:75,4
DA:85,4
DA:91,4
DA:97,4
LF:16
LH:16
BRF:0
BRH:0
end_of_record
TN:
SF:bin/stack/sagemaker/sagemaker-async-endpoint-stack.ts
FN:44,(anonymous_0)
FN:54,(anonymous_1)
FNF:2
FNH:2
FNDA:5,(anonymous_0)
FNDA:5,(anonymous_1)
DA:6,2
DA:7,2
DA:8,2
DA:11,2
DA:12,2
DA:39,2
DA:45,5
DA:48,5
DA:54,5
DA:63,5
DA:69,5
DA:71,5
DA:82,5
DA:83,0
DA:86,5
DA:87,5
DA:92,5
DA:93,5
DA:100,5
DA:101,0
DA:105,5
DA:111,5
DA:137,5
DA:142,5
DA:147,5
LF:25
LH:23
BRDA:82,0,0,0
BRDA:86,1,0,5
BRDA:92,2,0,5
BRDA:94,3,0,5
BRDA:94,3,1,0
BRDA:100,4,0,0
BRF:6
BRH:3
end_of_record
TN:
SF:bin/stack/sagemaker/sagemaker-model-stack.ts
FN:26,(anonymous_0)
FN:100,(anonymous_1)
FNF:2
FNH:0
FNDA:0,(anonymous_0)
FNDA:0,(anonymous_1)
DA:1,1
DA:2,1
DA:4,1
DA:6,1
DA:22,1
DA:27,0
DA:29,0
DA:32,0
DA:38,0
DA:47,0
DA:62,0
DA:65,0
DA:66,0
DA:90,0
DA:94,0
DA:100,0
DA:101,0
LF:17
LH:5
BRF:0
BRH:0
end_of_record
TN:
SF:lib/base/base-stack.ts
FN:34,(anonymous_0)
FN:42,(anonymous_1)
FN:57,(anonymous_2)
FN:69,(anonymous_3)
FNF:4
FNH:1
FNDA:10,(anonymous_0)
FNDA:0,(anonymous_1)
FNDA:0,(anonymous_2)
FNDA:0,(anonymous_3)
DA:19,3
DA:20,3
DA:21,3
DA:29,3
DA:35,10
DA:37,10
DA:38,10
DA:39,10
DA:43,0
DA:44,0
DA:46,0
DA:53,0
DA:58,0
DA:60,0
DA:70,0
DA:72,0
LF:16
LH:8
BRF:0
BRH:0
end_of_record
TN:
SF:lib/utils/config-utils.ts
FN:47,(anonymous_0)
FN:86,(anonymous_1)
FN:251,(anonymous_2)
FNF:3
FNH:2
FNDA:2,(anonymous_0)
FNDA:1,(anonymous_1)
FNDA:0,(anonymous_2)
DA:6,1
DA:7,1
DA:9,1
DA:10,1
DA:11,1
DA:43,1
DA:48,2
DA:108,1
DA:114,1
DA:121,1
DA:130,1
DA:145,1
DA:147,0
DA:156,0
DA:170,0
DA:173,0
DA:189,0
DA:206,0
DA:233,0
DA:234,0
DA:235,0
DA:236,0
DA:239,1
DA:264,0
DA:269,0
DA:280,0
LF:26
LH:13
BRDA:122,0,0,1
BRDA:122,0,1,0
BRDA:123,1,0,1
BRDA:123,1,1,1
BRDA:124,2,0,1
BRDA:124,2,1,1
BRDA:145,3,0,0
BRDA:264,4,0,0
BRDA:264,4,1,0
BRF:9
BRH:5
end_of_record
